<?xml version="1.0" encoding="UTF-8"?>
<!-- Generated by org.testng.reporters.JUnitXMLReporter -->
<testsuite ignored="1" hostname="DESKTOP-IH2AHV7" failures="0" tests="1" name="Default test(failed)" time="15.683" errors="0" timestamp="2022-05-18T23:08:47 IST">
  <testcase classname="test.SignupTest" name="Signuppagevalidation" time="4.7"/>
  <testcase classname="test.SignupTest" name="loginwithvalidcredentials" time="0.0">
    <ignored/>
  </testcase> <!-- loginwithvalidcredentials -->
</testsuite> <!-- Default test(failed) -->
